<testsuites id="" name="" tests="14" failures="2" skipped="0" errors="0" time="38.758635999999996">
<testsuite name="specs\login.spec.ts" timestamp="2026-03-03T12:22:52.985Z" hostname="chromium" tests="2" failures="0" skipped="0" time="3.423" errors="0">
<testcase name="Login Functionality › Positive Login Tests › should successfully login with valid credentials @smoke" classname="specs\login.spec.ts" time="1.988">
</testcase>
<testcase name="Login Page Structure and Content › should display correct page elements and text @smoke" classname="specs\login.spec.ts" time="1.435">
</testcase>
</testsuite>
<testsuite name="specs\login.spec.ts" timestamp="2026-03-03T12:22:52.985Z" hostname="firefox" tests="2" failures="0" skipped="0" time="3.105" errors="0">
<testcase name="Login Functionality › Positive Login Tests › should successfully login with valid credentials @smoke" classname="specs\login.spec.ts" time="1.846">
</testcase>
<testcase name="Login Page Structure and Content › should display correct page elements and text @smoke" classname="specs\login.spec.ts" time="1.259">
</testcase>
</testsuite>
<testsuite name="specs\login.spec.ts" timestamp="2026-03-03T12:22:52.985Z" hostname="webkit" tests="2" failures="0" skipped="0" time="3.011" errors="0">
<testcase name="Login Functionality › Positive Login Tests › should successfully login with valid credentials @smoke" classname="specs\login.spec.ts" time="1.679">
</testcase>
<testcase name="Login Page Structure and Content › should display correct page elements and text @smoke" classname="specs\login.spec.ts" time="1.332">
</testcase>
</testsuite>
<testsuite name="specs\login.spec.ts" timestamp="2026-03-03T12:22:52.985Z" hostname="Mobile Chrome" tests="2" failures="0" skipped="0" time="3.078" errors="0">
<testcase name="Login Functionality › Positive Login Tests › should successfully login with valid credentials @smoke" classname="specs\login.spec.ts" time="1.886">
</testcase>
<testcase name="Login Page Structure and Content › should display correct page elements and text @smoke" classname="specs\login.spec.ts" time="1.192">
</testcase>
</testsuite>
<testsuite name="specs\login.spec.ts" timestamp="2026-03-03T12:22:52.985Z" hostname="Mobile Safari" tests="2" failures="0" skipped="0" time="2.87" errors="0">
<testcase name="Login Functionality › Positive Login Tests › should successfully login with valid credentials @smoke" classname="specs\login.spec.ts" time="1.621">
</testcase>
<testcase name="Login Page Structure and Content › should display correct page elements and text @smoke" classname="specs\login.spec.ts" time="1.249">
</testcase>
</testsuite>
<testsuite name="specs\login.spec.ts" timestamp="2026-03-03T12:22:52.985Z" hostname="Microsoft Edge" tests="2" failures="0" skipped="0" time="2.744" errors="0">
<testcase name="Login Functionality › Positive Login Tests › should successfully login with valid credentials @smoke" classname="specs\login.spec.ts" time="1.475">
</testcase>
<testcase name="Login Page Structure and Content › should display correct page elements and text @smoke" classname="specs\login.spec.ts" time="1.269">
</testcase>
</testsuite>
<testsuite name="specs\login.spec.ts" timestamp="2026-03-03T12:22:52.985Z" hostname="Google Chrome Beta" tests="2" failures="2" skipped="0" time="0" errors="0">
<testcase name="Login Functionality › Positive Login Tests › should successfully login with valid credentials @smoke" classname="specs\login.spec.ts" time="0">
<failure message="login.spec.ts:16:9 should successfully login with valid credentials @smoke" type="FAILURE">
<![CDATA[  [Google Chrome Beta] › specs\login.spec.ts:16:9 › Login Functionality › Positive Login Tests › should successfully login with valid credentials @smoke 

    Error: browserType.launch: Chromium distribution 'chrome-beta' is not found at C:\Users\tjmah\AppData\Local\Google\Chrome Beta\Application\chrome.exe
    Run "npx playwright install chrome-beta"

    Retry #1 ───────────────────────────────────────────────────────────────────────────────────────

    Error: browserType.launch: Chromium distribution 'chrome-beta' is not found at C:\Users\tjmah\AppData\Local\Google\Chrome Beta\Application\chrome.exe
    Run "npx playwright install chrome-beta"

    attachment #1: trace (application/zip) ─────────────────────────────────────────────────────────
    ..\test-results\specs-login-Login-Function-09e80-ith-valid-credentials-smoke-Google-Chrome-Beta-retry1\trace.zip
    Usage:

        npx playwright show-trace ..\test-results\specs-login-Login-Function-09e80-ith-valid-credentials-smoke-Google-Chrome-Beta-retry1\trace.zip

    ────────────────────────────────────────────────────────────────────────────────────────────────

    Retry #2 ───────────────────────────────────────────────────────────────────────────────────────

    Error: browserType.launch: Chromium distribution 'chrome-beta' is not found at C:\Users\tjmah\AppData\Local\Google\Chrome Beta\Application\chrome.exe
    Run "npx playwright install chrome-beta"
]]>
</failure>
<system-out>
<![CDATA[
[[ATTACHMENT|test-results\specs-login-Login-Function-09e80-ith-valid-credentials-smoke-Google-Chrome-Beta-retry1\trace.zip]]
]]>
</system-out>
</testcase>
<testcase name="Login Page Structure and Content › should display correct page elements and text @smoke" classname="specs\login.spec.ts" time="0">
<failure message="login.spec.ts:319:7 should display correct page elements and text @smoke" type="FAILURE">
<![CDATA[  [Google Chrome Beta] › specs\login.spec.ts:319:7 › Login Page Structure and Content › should display correct page elements and text @smoke 

    Error: browserType.launch: Chromium distribution 'chrome-beta' is not found at C:\Users\tjmah\AppData\Local\Google\Chrome Beta\Application\chrome.exe
    Run "npx playwright install chrome-beta"

    Retry #1 ───────────────────────────────────────────────────────────────────────────────────────

    Error: browserType.launch: Chromium distribution 'chrome-beta' is not found at C:\Users\tjmah\AppData\Local\Google\Chrome Beta\Application\chrome.exe
    Run "npx playwright install chrome-beta"

    attachment #1: trace (application/zip) ─────────────────────────────────────────────────────────
    ..\test-results\specs-login-Login-Page-Str-47516-age-elements-and-text-smoke-Google-Chrome-Beta-retry1\trace.zip
    Usage:

        npx playwright show-trace ..\test-results\specs-login-Login-Page-Str-47516-age-elements-and-text-smoke-Google-Chrome-Beta-retry1\trace.zip

    ────────────────────────────────────────────────────────────────────────────────────────────────

    Retry #2 ───────────────────────────────────────────────────────────────────────────────────────

    Error: browserType.launch: Chromium distribution 'chrome-beta' is not found at C:\Users\tjmah\AppData\Local\Google\Chrome Beta\Application\chrome.exe
    Run "npx playwright install chrome-beta"
]]>
</failure>
<system-out>
<![CDATA[
[[ATTACHMENT|test-results\specs-login-Login-Page-Str-47516-age-elements-and-text-smoke-Google-Chrome-Beta-retry1\trace.zip]]
]]>
</system-out>
</testcase>
</testsuite>
</testsuites>